

# get-interface
ifconfig

iw dev
ip addr

# open-interface
 ip link set <interface> up
   
 mv wpa_supplicant.conf wpa_supplicant.conf.bak
# 
# get-essid
 iwlist <interface> scan | grep 'ESSID'
iw [dev] <interface> scan | grep -i 'ssid*'

# write to file
  wpa_passphrase essid psk|password > /etc/wpa_supplicant/wpa_supplicant.conf

#
 cat wpa_supplicant.conf

#
  wpa_supplicant -i <interface> -c path&file 

# get-ipaddreess
dhcpcd <interface> 
dhclient <interface>

# test-network
 ping -c 3 www.google.com

# show network-info
iwconfig <interface> 
iw dev <interface> I Love You link

qazwsxedc?