0.052433 20
0.026252 82
0.000425 44
0.001305 143
0.000005 39
2.686972 189
1.407426 1
0.319819 1
0.095995 1
0.224976 1
0.311912 1
0.223919 1
0.823265 4
0.160114 4
0.223873 1
1.409083 4
0.159174 4
0.241141 1
0.182549 1
0.152474 1
0.181415 7
1.466134 1
0.536609 4
0.567583 1
0.847917 1
0.488426 1
0.255560 1
0.135982 1
0.936030 1
0.376136 1
0.639731 4
0.601250 1
0.575321 2
0.022174 44
0.001040 143
0.000050 39
1.304325 1
0.273804 1
0.062114 1
0.808611 1
0.183753 1
0.199623 1
0.250491 7
1.237606 1
0.289102 4
0.311856 1
0.319686 1
0.399319 1
0.576858 1
1.295445 1
0.464537 1
0.311442 1
0.431695 4
0.119937 1
0.296017 1
0.055940 1
0.088034 1
0.144730 1
0.807676 1
0.409096 4
1.767273 1
0.135292 1
0.120536 1
0.864650 1
0.126745 1
0.304581 1
0.111462 1
0.135922 1
0.784395 1
0.383635 1
0.608001 1
2.320514 1
0.415688 1
0.633081 1
0.695032 1
0.135928 1
0.528079 4
0.159734 4
0.176962 4
0.167034 4
0.575976 1
0.592032 1
0.120676 1
0.815315 1
0.655931 1
1.297718 2
0.025411 44
0.001180 143
0.000031 39
0.988639 1
0.256151 1
0.086922 1
0.433274 1
0.230675 1
0.096406 1
0.959622 4
0.144049 4
0.311957 1
0.207981 1
0.267585 7
1.156619 1
0.327959 1
0.127874 1
0.440926 1
0.383279 1
0.448145 1
0.192351 1
0.256411 1
0.079661 1
0.055149 1
0.112191 1
0.544120 1
0.216322 1
0.215449 1
0.561230 1
0.320272 1
0.462625 1
0.408179 1
0.513220 1
0.439403 1
0.375608 1
0.520218 1
0.151603 1
0.599471 1
0.633505 1
0.455121 2
0.021729 44
0.001085 143
0.000013 39
0.681962 1
2.944229 1
0.087042 1
0.151568 1
0.192673 1
0.183661 1
0.567463 4
0.169313 4
0.208029 1
0.290890 8
1.196993 1
0.311746 1
1.064289 4
0.711026 1
0.248294 1
0.208413 1
0.207150 1
0.064003 1
0.360027 1
1.417145 1
0.294888 1
0.169133 1
0.359298 1
0.136180 1
0.119903 1
0.351598 4
0.168238 4
0.175587 4
0.497130 1
0.463186 1
0.472729 1
0.295275 1
0.263682 1
0.055976 1
0.072052 1
0.120319 1
0.888864 1
0.110966 1
0.127750 1
0.416419 1
0.096215 1
1.240013 1
0.160630 1
0.688148 4
0.599949 1
2.791145 1
1.951479 1
0.657190 1
0.487279 1
0.640529 1
0.095078 1
0.080010 1
0.528072 1
0.273159 1
0.839912 1
0.967198 2
0.224190 4
0.825446 5
0.767240 18
1.159225 1
0.768834 1
4.199213 2
0.021409 44
0.001123 143
0.000013 39
5.850042 6
