0.076100 20
0.061849 60
0.000789 32
0.002678 170
0.700449 177
2.056089 1
0.640672 1
0.287766 1
0.096609 1
0.062953 1
0.104434 1
1.199317 1
0.192122 1
0.176112 1
0.192008 1
0.247959 1
0.424009 1
0.984200 1
0.615938 1
0.479905 4
0.151899 4
0.216080 4
0.592098 1
0.727757 1
0.255974 1
0.248746 1
0.271577 1
0.935894 4
0.319900 1
0.729084 1
0.358792 1
0.392071 1
0.720154 4
1.495967 1
0.559961 1
0.360315 1
0.544101 4
0.327558 1
0.384016 1
0.544045 4
0.311924 1
0.575967 1
0.008053 1
0.191926 1
0.471988 4
0.160072 4
0.152547 4
0.543582 1
0.208200 1
0.567662 1
0.376682 1
0.535329 4
0.295987 1
0.504116 1
0.335790 1
0.287990 1
0.208151 1
0.248347 1
0.351696 1
0.608108 1
0.392419 2
0.001715 7
0.000382 32
0.002249 170
0.475059 1
0.967893 1
0.255984 1
0.080163 1
0.064156 1
0.167884 1
2.032045 1
0.839714 1
0.328141 1
0.608083 1
0.679904 4
0.144142 4
0.561031 1
0.982909 1
0.424975 1
0.342943 1
1.168091 1
0.391965 4
0.761454 1
0.254368 1
0.216106 1
0.168695 1
0.191306 1
0.440207 4
0.167939 4
0.167912 4
0.160585 4
0.159987 4
0.160058 4
1.031174 1
0.464355 1
0.223747 1
0.408109 4
0.127934 4
0.128132 1
0.273381 1
0.198586 1
0.688045 1
1.279810 1
0.568455 1
0.521003 1
0.310647 1
0.496109 1
0.359837 1
0.280059 1
0.160158 1
0.223720 1
0.392275 1
0.527903 1
0.304142 1
0.288511 1
0.487879 1
0.911554 1
0.327928 1
0.623924 1
0.471947 2
0.001886 7
0.000412 32
0.002042 170
2.563614 138
0.000039 39
4.840831 1
0.223149 1
0.256086 1
0.120179 1
0.079863 1
0.192067 1
1.744228 1
0.447820 1
0.199873 1
0.185359 1
0.262842 1
0.120161 1
0.231670 1
0.079849 1
0.160244 1
0.399994 4
0.432207 1
0.256217 1
0.215556 1
0.287899 1
0.599981 1
0.719902 1
0.192610 1
0.192204 1
0.175444 1
0.215804 1
0.232140 1
0.240467 1
0.095309 1
0.160264 1
0.384110 4
0.431772 1
0.792034 1
0.145113 1
0.214884 1
0.295966 1
1.048129 1
0.280819 1
0.607075 1
0.504032 4
0.465081 1
0.430956 1
0.359899 1
0.471918 1
0.416007 1
0.256113 1
0.248993 1
0.335065 1
0.936431 1
0.495342 1
1.432142 1
0.712295 1
0.207650 1
0.624239 1
0.144022 1
1.879772 1
1.128589 4
0.167505 4
0.185111 4
0.958812 1
0.191999 1
1.432046 1
0.680204 1
0.255792 1
0.319805 1
0.241272 1
0.366888 1
0.320648 1
0.575280 1
0.520090 1
0.161203 1
0.014744 1
0.729419 4
0.135303 4
0.263322 1
0.143875 1
0.624301 1
0.352368 1
0.151609 1
0.568330 1
0.287557 1
0.576304 1
0.568418 1
0.207164 1
0.185488 1
0.758493 1
0.944354 27
1.064290 36
0.167293 3
3.272606 1
0.559665 1
2.424353 1
0.119600 1
0.600053 4
0.335946 4
4.552126 1
0.375800 4
1.999901 1
0.176083 1
0.929307 1
3.142577 1
0.776075 1
0.288022 1
0.480434 1
0.223674 1
0.879780 1
0.864313 1
0.816386 1
0.007651 1
0.487834 1
0.584407 1
0.223716 1
0.864049 4
0.151989 4
0.375961 1
0.504044 4
0.071791 1
0.232141 1
0.367766 1
0.304112 1
0.991987 1
0.760392 1
0.191653 1
0.416128 1
0.424968 1
0.278775 1
0.168951 1
0.560394 1
0.239000 1
0.463826 4
0.480147 1
0.567925 1
0.295856 1
0.184178 1
1.577043 4
0.150969 4
1.472147 27
0.185015 29
0.966909 78
0.647922 90
0.463986 27
0.857707 53
1.542064 1
0.096150 1
1.264048 1
0.520073 1
0.264890 1
0.110988 1
0.961852 1
0.430226 1
0.415932 1
0.680022 1
0.184020 1
0.191930 1
0.551930 1
0.200553 1
2.376404 1
0.551581 1
0.527699 1
0.416349 4
0.095526 1
0.191849 1
0.720316 1
0.543917 1
0.359878 1
0.303996 1
0.232389 1
0.863498 1
0.272296 1
0.599853 1
2.976067 4
0.736584 1
1.072272 53
0.191765 29
0.183837 4
0.351467 6
0.224590 84
0.191616 165
0.488195 52
1.073800 111
0.495241 107
4.511213 29
1.274116 5
0.471813 5
3.029495 78
0.928012 165
0.519970 52
0.887995 29
0.400108 78
1.496411 3
0.528853 115
0.552152 111
4.247671 2
0.002037 30
0.000480 32
0.002818 170
40.009749 1
3.023815 124
9.048302 53
0.501192 29
0.050013 4
0.312331 6
0.312159 84
2.690662 5
0.247997 5
0.319241 5
0.207813 5
0.864150 323
0.214850 327
0.264142 328
0.496184 331
0.296142 334
0.239552 337
0.272494 300
0.856219 300
0.247670 300
0.520675 300
0.303331 300
0.151809 300
0.383884 300
0.399944 300
0.328076 300
0.160048 300
0.672043 300
0.144058 300
0.536001 300
0.511718 300
0.200607 300
0.135989 300
1.111147 5
0.001973 30
0.000372 32
0.002079 170
15.851168 138
0.000040 39
11.063700 1
0.296117 1
0.056080 1
0.072240 1
0.055648 1
0.088014 1
1.679872 9
9.360124 1
0.281286 1
0.062842 1
0.096088 1
0.103823 1
1.783888 28
1.640091 1
1.112564 1
0.216692 1
0.510827 1
2.872582 2
0.004424 21
0.000045 39
0.000444 32
0.002074 169
1.720587 37
2.160090 78
0.425477 2
0.000169 3
1.998093 1
0.545255 1
0.758845 4
0.127927 1
0.239822 1
0.376177 1
0.368073 1
0.399831 4
0.137180 1
0.343163 1
0.207777 1
0.249119 1
0.390918 1
0.328180 1
0.248191 1
0.240680 1
0.367345 1
0.335437 1
0.680749 1
0.247476 1
0.136626 1
0.663192 1
0.991991 1
0.232175 1
0.135920 1
1.295943 1
0.263985 1
0.232323 1
1.063990 1
0.400433 4
0.175481 1
0.351677 1
0.192455 1
1.895731 13
1.288041 26
1.481065 1
0.311211 1
0.415799 1
0.215821 1
0.968045 4
0.168182 4
0.159940 4
1.207975 4
0.321289 1
0.247629 1
0.383172 1
0.815964 1
0.215724 1
0.224862 1
0.215094 1
0.024234 1
0.551962 4
0.136537 4
0.079366 1
0.335955 1
0.384596 1
0.287587 1
0.623775 1
0.457043 1
0.295413 1
0.856099 1
0.383488 1
0.128421 1
0.375823 1
0.535935 1
0.240608 1
0.103919 1
1.823994 1
0.087475 1
0.360056 1
0.607766 1
0.144210 1
0.120579 1
0.727691 1
0.208256 1
0.415326 1
2.128229 1
1.264363 4
0.823529 1
0.127899 1
0.159823 1
0.504341 1
0.680426 1
0.191459 1
0.119873 1
1.680220 1
0.127786 1
0.368127 1
0.624433 1
0.095507 1
0.144023 1
1.199943 13
1.064161 13
2.471955 1
0.184062 1
0.280569 1
0.695298 1
0.184172 1
0.239744 1
0.256003 1
0.368252 1
1.463973 1
0.304553 1
0.295442 1
0.367789 1
0.256433 1
0.583812 26
0.744546 52
2.335844 1
0.127234 1
0.408631 4
0.175791 4
2.784144 1
1.063599 1
0.088117 1
0.840012 1
0.839966 1
0.264674 1
0.151314 1
0.561024 1
0.160313 1
0.423214 1
0.513079 1
0.150919 1
0.127380 1
0.504246 1
0.207752 1
0.568646 1
0.327489 1
0.295969 1
0.599916 1
0.240199 1
2.880156 4
0.176039 4
0.839497 4
1.128222 4
0.247970 1
0.200029 1
0.224707 1
0.239138 1
0.256448 1
0.616474 1
0.295369 1
0.247801 1
0.856054 1
0.255839 1
0.880229 1
6.776295 4
0.848283 1
0.967536 1
1.344259 4
0.167519 4
0.704559 1
0.911990 2
0.001424 30
0.000348 32
0.002113 170
3.676647 138
0.000026 39
4.439113 1
0.183904 1
0.071846 1
0.175927 1
0.471975 1
0.097363 1
0.254707 1
0.056148 1
2.128047 22
0.919843 1
0.264118 1
0.088230 1
0.071946 1
0.151882 1
1.112591 1
0.080485 1
0.200240 1
0.126597 1
0.792133 1
0.240525 1
0.159656 1
0.697350 1
0.190976 1
1.135356 1
0.280997 1
0.231027 1
0.432134 4
0.128572 4
0.135277 1
0.199956 1
0.208193 1
0.344168 1
0.743643 1
0.168246 1
0.624352 1
0.287425 1
0.521059 1
0.206981 1
0.455951 1
2.784814 2
0.001509 11
0.000350 32
0.002037 170
1.731260 177
1.744697 6
